<?xml version="1.0" encoding="UTF-8"?>
<testsuite name="Cucumber" time="20.299" tests="1" skipped="0" failures="1" errors="0">
<testcase classname="Registration Process on VocaGame" name="Register with valid data" time="19.909">
<failure type="java.lang.AssertionError" message="Pesan toast tidak sesuai! Muncul: Kami mendeteksi aktivitas yang tidak biasa di akun Anda. Demi keamanan, akses sementara dibatasi. expected [true] but found [false]">
<![CDATA[java.lang.AssertionError: Pesan toast tidak sesuai! Muncul: Kami mendeteksi aktivitas yang tidak biasa di akun Anda. Demi keamanan, akses sementara dibatasi. expected [true] but found [false]
	at org.testng.Assert.fail(Assert.java:99)
	at org.testng.Assert.failNotEquals(Assert.java:1037)
	at org.testng.Assert.assertTrue(Assert.java:45)
	at actions.RegistrationsActions.verifyToastMessageContains(RegistrationsActions.java:151)
	at stepdefinitions.RegistrationSteps.verify_toast_message(RegistrationSteps.java:133)
	at ✽.User should see a toast with message "OTP has been sent via email"(file:///F:/Kerjaan/Automation%20Testing/basedProjectAutomationTesting/src/test/resources/forgotPasswordSteps.feature:17)
]]>
</failure>
<system-out><![CDATA[
Given User is on VocaGame Landing page......................................passed
When User clicks "Masuk" button.............................................passed
And System navigate user to login page......................................passed
When User clicks "Lupa Password" button.....................................passed
And User should be navigated to "forgot-password" page......................passed
When User enters identifier as "Mentari.test@vq8tdcww.mailosaur.net"........passed
When User clicks "Kirim Kode OTP" button....................................passed
And User selects "Email" as the verification method.........................passed
And User clicks "Lanjut" button.............................................passed
Then User should see a toast with message "OTP has been sent via email".....failed
And System show OTP verifications modal.....................................skipped
When User inputs the valid OTP code from email..............................skipped
Then The "Verifikasi" button color should be green and status is active.....skipped
When User clicks "Verifikasi" button........................................skipped
Then User should see a success toast "OTP Valid"............................skipped
And System show reset password page layout..................................skipped
And User enters new password as "Mentari@2027"..............................skipped
Then User should see a toast with message "Successfully Reset Password".....skipped
And User is automatically redirected to the Login page......................skipped
]]></system-out>
</testcase>
</testsuite>
